<?xml version="1.0" encoding="utf-8"?><testsuites name="pytest tests"><testsuite name="pytest" errors="0" failures="0" skipped="0" tests="33" time="39.750" timestamp="2026-07-16T12:27:06.375459+00:00" hostname="agent-env-2406c597-6694-48f0-b437-0323bda292a5"><testcase classname="tests.trivela_backend_test.TestPublicEndpoints" name="test_public_content" time="35.894" /><testcase classname="tests.trivela_backend_test.TestPublicEndpoints" name="test_players" time="0.082" /><testcase classname="tests.trivela_backend_test.TestPublicEndpoints" name="test_analytics_ping" time="0.162" /><testcase classname="tests.trivela_backend_test.TestPublicEndpoints" name="test_guest_order_creation" time="0.084" /><testcase classname="tests.trivela_backend_test.TestAuthFlow" name="test_register_returns_token_no_password_leak" time="0.123" /><testcase classname="tests.trivela_backend_test.TestAuthFlow" name="test_auth_me_regular_user" time="0.081" /><testcase classname="tests.trivela_backend_test.TestAuthFlow" name="test_admin_login_returns_isAdmin_true" time="0.073" /><testcase classname="tests.trivela_backend_test.TestAdminAuthGuard" name="test_no_token_returns_401[GET-/api/admin/stats-None]" time="0.079" /><testcase classname="tests.trivela_backend_test.TestAdminAuthGuard" name="test_no_token_returns_401[GET-/api/admin/users-None]" time="0.075" /><testcase classname="tests.trivela_backend_test.TestAdminAuthGuard" name="test_no_token_returns_401[GET-/api/admin/orders-None]" time="0.075" /><testcase classname="tests.trivela_backend_test.TestAdminAuthGuard" name="test_no_token_returns_401[GET-/api/admin/settings-None]" time="0.080" /><testcase classname="tests.trivela_backend_test.TestAdminAuthGuard" name="test_no_token_returns_401[POST-/api/admin/reset-body4]" time="0.071" /><testcase classname="tests.trivela_backend_test.TestAdminAuthGuard" name="test_no_token_returns_401[GET-/api/admin/backup-db-None]" time="0.076" /><testcase classname="tests.trivela_backend_test.TestAdminAuthGuard" name="test_no_token_returns_401[POST-/api/admin/restore-db-body6]" time="0.067" /><testcase classname="tests.trivela_backend_test.TestAdminAuthGuard" name="test_no_token_returns_401[DELETE-/api/admin/orders/nonexistent_id_zzz-None]" time="0.068" /><testcase classname="tests.trivela_backend_test.TestAdminAuthGuard" name="test_no_token_returns_401[PUT-/api/admin/orders/nonexistent_id_zzz/status-body8]" time="0.070" /><testcase classname="tests.trivela_backend_test.TestAdminAuthGuard" name="test_no_token_returns_401[POST-/api/admin/users/nonexistent_id_zzz/points-body9]" time="0.082" /><testcase classname="tests.trivela_backend_test.TestAdminAuthGuard" name="test_non_admin_token_returns_403[GET-/api/admin/stats-None]" time="0.080" /><testcase classname="tests.trivela_backend_test.TestAdminAuthGuard" name="test_non_admin_token_returns_403[GET-/api/admin/users-None]" time="0.079" /><testcase classname="tests.trivela_backend_test.TestAdminAuthGuard" name="test_non_admin_token_returns_403[GET-/api/admin/orders-None]" time="0.082" /><testcase classname="tests.trivela_backend_test.TestAdminAuthGuard" name="test_non_admin_token_returns_403[GET-/api/admin/settings-None]" time="0.078" /><testcase classname="tests.trivela_backend_test.TestAdminAuthGuard" name="test_non_admin_token_returns_403[POST-/api/admin/reset-body4]" time="0.073" /><testcase classname="tests.trivela_backend_test.TestAdminAuthGuard" name="test_non_admin_token_returns_403[GET-/api/admin/backup-db-None]" time="0.082" /><testcase classname="tests.trivela_backend_test.TestAdminAuthGuard" name="test_non_admin_token_returns_403[POST-/api/admin/restore-db-body6]" time="0.078" /><testcase classname="tests.trivela_backend_test.TestAdminAuthGuard" name="test_non_admin_token_returns_403[DELETE-/api/admin/orders/nonexistent_id_zzz-None]" time="0.073" /><testcase classname="tests.trivela_backend_test.TestAdminAuthGuard" name="test_non_admin_token_returns_403[PUT-/api/admin/orders/nonexistent_id_zzz/status-body8]" time="0.079" /><testcase classname="tests.trivela_backend_test.TestAdminAuthGuard" name="test_non_admin_token_returns_403[POST-/api/admin/users/nonexistent_id_zzz/points-body9]" time="0.078" /><testcase classname="tests.trivela_backend_test.TestAdminAuthGuard" name="test_admin_token_unlocks_stats" time="0.154" /><testcase classname="tests.trivela_backend_test.TestAdminAuthGuard" name="test_admin_token_unlocks_users_and_no_password_leak" time="0.080" /><testcase classname="tests.trivela_backend_test.TestAdminAuthGuard" name="test_admin_token_unlocks_orders" time="0.088" /><testcase classname="tests.trivela_backend_test.TestAdminAuthGuard" name="test_admin_token_unlocks_settings" time="0.082" /><testcase classname="tests.trivela_backend_test.TestAdminAuthGuard" name="test_admin_token_unlocks_backup_db" time="0.135" /><testcase classname="tests.trivela_backend_test.TestLoginRateLimit" name="test_rate_limit_kicks_in_after_8_attempts" time="1.109" /></testsuite></testsuites>