<?xml version="1.0" encoding="utf-8"?><testsuites name="pytest tests"><testsuite name="pytest" errors="0" failures="0" skipped="0" tests="35" time="3.167" timestamp="2026-07-16T12:40:33.766936+00:00" hostname="agent-env-2406c597-6694-48f0-b437-0323bda292a5"><testcase classname="tests.trivela_backend_test.TestPublicEndpoints" name="test_public_content" time="0.294" /><testcase classname="tests.trivela_backend_test.TestPublicEndpoints" name="test_players" time="0.069" /><testcase classname="tests.trivela_backend_test.TestPublicEndpoints" name="test_analytics_ping" time="0.126" /><testcase classname="tests.trivela_backend_test.TestPublicEndpoints" name="test_guest_order_creation" time="0.072" /><testcase classname="tests.trivela_backend_test.TestAuthFlow" name="test_register_returns_token_no_password_leak" time="0.059" /><testcase classname="tests.trivela_backend_test.TestAuthFlow" name="test_auth_me_regular_user" time="0.056" /><testcase classname="tests.trivela_backend_test.TestAuthFlow" name="test_admin_login_returns_isAdmin_true" time="0.059" /><testcase classname="tests.trivela_backend_test.TestAdminAuthGuard" name="test_no_token_returns_401[GET-/api/admin/stats-None]" time="0.061" /><testcase classname="tests.trivela_backend_test.TestAdminAuthGuard" name="test_no_token_returns_401[GET-/api/admin/users-None]" time="0.055" /><testcase classname="tests.trivela_backend_test.TestAdminAuthGuard" name="test_no_token_returns_401[GET-/api/admin/orders-None]" time="0.058" /><testcase classname="tests.trivela_backend_test.TestAdminAuthGuard" name="test_no_token_returns_401[GET-/api/admin/settings-None]" time="0.058" /><testcase classname="tests.trivela_backend_test.TestAdminAuthGuard" name="test_no_token_returns_401[POST-/api/admin/reset-body4]" time="0.056" /><testcase classname="tests.trivela_backend_test.TestAdminAuthGuard" name="test_no_token_returns_401[GET-/api/admin/backup-db-None]" time="0.078" /><testcase classname="tests.trivela_backend_test.TestAdminAuthGuard" name="test_no_token_returns_401[POST-/api/admin/restore-db-body6]" time="0.049" /><testcase classname="tests.trivela_backend_test.TestAdminAuthGuard" name="test_no_token_returns_401[DELETE-/api/admin/orders/nonexistent_id_zzz-None]" time="0.056" /><testcase classname="tests.trivela_backend_test.TestAdminAuthGuard" name="test_no_token_returns_401[PUT-/api/admin/orders/nonexistent_id_zzz/status-body8]" time="0.050" /><testcase classname="tests.trivela_backend_test.TestAdminAuthGuard" name="test_no_token_returns_401[POST-/api/admin/users/nonexistent_id_zzz/points-body9]" time="0.050" /><testcase classname="tests.trivela_backend_test.TestAdminAuthGuard" name="test_non_admin_token_returns_403[GET-/api/admin/stats-None]" time="0.065" /><testcase classname="tests.trivela_backend_test.TestAdminAuthGuard" name="test_non_admin_token_returns_403[GET-/api/admin/users-None]" time="0.059" /><testcase classname="tests.trivela_backend_test.TestAdminAuthGuard" name="test_non_admin_token_returns_403[GET-/api/admin/orders-None]" time="0.059" /><testcase classname="tests.trivela_backend_test.TestAdminAuthGuard" name="test_non_admin_token_returns_403[GET-/api/admin/settings-None]" time="0.067" /><testcase classname="tests.trivela_backend_test.TestAdminAuthGuard" name="test_non_admin_token_returns_403[POST-/api/admin/reset-body4]" time="0.052" /><testcase classname="tests.trivela_backend_test.TestAdminAuthGuard" name="test_non_admin_token_returns_403[GET-/api/admin/backup-db-None]" time="0.068" /><testcase classname="tests.trivela_backend_test.TestAdminAuthGuard" name="test_non_admin_token_returns_403[POST-/api/admin/restore-db-body6]" time="0.090" /><testcase classname="tests.trivela_backend_test.TestAdminAuthGuard" name="test_non_admin_token_returns_403[DELETE-/api/admin/orders/nonexistent_id_zzz-None]" time="0.051" /><testcase classname="tests.trivela_backend_test.TestAdminAuthGuard" name="test_non_admin_token_returns_403[PUT-/api/admin/orders/nonexistent_id_zzz/status-body8]" time="0.060" /><testcase classname="tests.trivela_backend_test.TestAdminAuthGuard" name="test_non_admin_token_returns_403[POST-/api/admin/users/nonexistent_id_zzz/points-body9]" time="0.060" /><testcase classname="tests.trivela_backend_test.TestAdminAuthGuard" name="test_admin_token_unlocks_stats" time="0.124" /><testcase classname="tests.trivela_backend_test.TestAdminAuthGuard" name="test_admin_token_unlocks_users_and_no_password_leak" time="0.062" /><testcase classname="tests.trivela_backend_test.TestAdminAuthGuard" name="test_admin_token_unlocks_orders" time="0.063" /><testcase classname="tests.trivela_backend_test.TestAdminAuthGuard" name="test_admin_token_unlocks_settings" time="0.065" /><testcase classname="tests.trivela_backend_test.TestAdminAuthGuard" name="test_admin_token_unlocks_backup_db" time="0.069" /><testcase classname="tests.trivela_backend_test.TestAdminAuthGuard" name="test_admin_token_in_query_string_is_rejected" time="0.061" /><testcase classname="tests.trivela_backend_test.TestAdminAuthGuard" name="test_admin_token_via_header_still_works_after_query_reject" time="0.069" /><testcase classname="tests.trivela_backend_test.TestLoginRateLimit" name="test_rate_limit_kicks_in_after_8_attempts" time="0.588" /></testsuite></testsuites>